PS C:\Users\cpyang\tibero-win-deployer> .\install.ps1 -target c:\opt -sid tibero
<-server tibero_server_hostname_or_ip>
[-dsn System_DSN] tibero
[-sid Tibero_SID] tibero
[-port Tibero_Port] 8629
[-user Tibero_username] tibero
[-pass Tibero_password] tmax
[-bit 32/64]
Using existing [tibero6.zip] for installation.
[c:\opt\tibero6] already exists.
Folder already within C:\WINDOWS\System32\OpenSSH;C:\Windows\system32;C:\Windows;C:\Windows\System32\Wbem;C:\Windows\System32\WindowsPowerShell\v1.0\;C:\Windows\System32\OpenSSH\;C:\Program Files\Vim\vim82;C:\Program Files\JetBrains\DataGrip 2020.1.5\bin;C:\Program Files\dotnet\;C:\Program Files\PowerShell\7\;C:\Program Files\Microsoft SQL Server\130\Tools\Binn\;C:\Program Files\Microsoft SQL Server\Client SDK\ODBC\170\Tools\Binn\;C:\Program Files\OpenJDK\jdk-8.0.292.10-hotspot\bin;C:\oracle\product\instantclient_12_2;C:\opt\Vagrant\bin;;c:\opt\tibero6\bin;c:\opt\tibero6\client\bin;c:\opt\tibero6\bin;c:\opt\tibero6\client\bin;c:\opt\tibero6\bin;c:\opt\tibero6\client\bin;c:\opt\tibero6\bin;c:\opt\tibero6\client\bin;C:\WINDOWS\system32\config\systemprofile\AppData\Local\Microsoft\WindowsApps;C:\Users\cpyang\AppData\Local\Microsoft\WindowsApps;C:\Users\cpyang\.dotnet\tools
Folder already within C:\WINDOWS\System32\OpenSSH;C:\Windows\system32;C:\Windows;C:\Windows\System32\Wbem;C:\Windows\System32\WindowsPowerShell\v1.0\;C:\Windows\System32\OpenSSH\;C:\Program Files\Vim\vim82;C:\Program Files\JetBrains\DataGrip 2020.1.5\bin;C:\Program Files\dotnet\;C:\Program Files\PowerShell\7\;C:\Program Files\Microsoft SQL Server\130\Tools\Binn\;C:\Program Files\Microsoft SQL Server\Client SDK\ODBC\170\Tools\Binn\;C:\Program Files\OpenJDK\jdk-8.0.292.10-hotspot\bin;C:\oracle\product\instantclient_12_2;C:\opt\Vagrant\bin;;c:\opt\tibero6\bin;c:\opt\tibero6\client\bin;c:\opt\tibero6\bin;c:\opt\tibero6\client\bin;c:\opt\tibero6\bin;c:\opt\tibero6\client\bin;c:\opt\tibero6\bin;c:\opt\tibero6\client\bin;C:\WINDOWS\system32\config\systemprofile\AppData\Local\Microsoft\WindowsApps;C:\Users\cpyang\AppData\Local\Microsoft\WindowsApps;C:\Users\cpyang\.dotnet\tools
Setting up [32]-bit ODBC Driver and DSN.
The operation completed successfully.
Microsoft (R) Windows Script Host Version 5.812
Copyright (C) Microsoft Corporation. All rights reserved.

TB_HOME = c:\opt\tibero6
TB_SID = tibero
Servce Name = Tibero_tibero
service account = LocalSystem
Tibero_tibero installed successfully.
Using TB_SID [tibero]
c:\opt\tibero6\config\tibero.tip generated
There's already c:\opt\tibero6\client\config\tbdsn.tbr!!
Client config file already contains SID tibero:
    please check if port number equals 8629...
#-----------------------------------------------
# c:\opt\tibero6\client\config\tbdsn.tbr
# Network Configuration File.
# Generated by com.m.wizard.dsn.InstanceDsnGenerator at Thu Feb 24 00:44:53 CST 2022
tibero=(
    (INSTANCE=(HOST=localhost)
              (PORT=8629)
              (DB_NAME=tibero)
    )
)

#-------------------------------------------------
# Appended by gen_tip.bat at 2 25 10:38:48      2022
tibero=(
    (INSTANCE=(HOST=localhost)
              (PORT=8629)
              (DB_NAME=tibero)
    )
)

Already exists c:\opt\tibero6\config\psm_commands.bat!! Nothing has changed

Tibero 6

TmaxData Corporation Copyright (c) 2008-. All rights reserved.
Tibero instance started up (NOMOUNT mode).

tbSQL 6

TmaxData Corporation Copyright (c) 2008-. All rights reserved.

Connected to Tibero.

SQL>    2    3    4    5    6    7    8    9   10   11   12   13   14   15   16   17   18   19   20
Database created.

SQL> Disconnected.
tbdown failed. proc info file is deleted.
Hint: Please check if the tbsvr instance was already stopped.

Tibero 6

TmaxData Corporation Copyright (c) 2008-. All rights reserved.
Tibero instance started up (NORMAL mode).
Microsoft (R) Windows Script Host Version 5.812
Copyright (C) Microsoft Corporation. All rights reserved.

Creating text packages table ...
       Running c:\opt\tibero6\scripts\pkg\create_pkg_text_tbl.sql...
Creating the role DBA...
       Running c:\opt\tibero6\scripts\create_dba_gen.sql...
Creating system users & roles...
       Running c:\opt\tibero6\scripts\system_users.sql...
Creating example users...
       Running c:\opt\tibero6\scripts\example_users.sql...
Dropping agent table...
       Running c:\opt\tibero6\scripts\systbl_drop_agent.sql...
Creating virtual tables(1)...
       Running c:\opt\tibero6\scripts\vt_drop_gen.sql...
Creating virtual tables(2)...
       Running c:\opt\tibero6\scripts\vt_create_gen.sql...
Granting public access to _VT_DUAL...
       Running c:\opt\tibero6\scripts\vt_dual.sql...
Creating the system generated sequences...
       Running c:\opt\tibero6\scripts\create_seq.sql...
Creating internal dynamic performance views...
       Running c:\opt\tibero6\scripts\dpvx.sql...
Creating outline table...
       Running c:\opt\tibero6\scripts\outln.sql...
Creating system tables related to dbms_job...
       Running c:\opt\tibero6\scripts\systbl_job.sql...
Creating system tables related to dbms_lock...
       Running c:\opt\tibero6\scripts\systbl_lock.sql...
Creating system tables related to scheduler...
       Running c:\opt\tibero6\scripts\systbl_scheduler.sql...
Creating system tables related to server_alert...
       Running c:\opt\tibero6\scripts\systbl_server_alert.sql...
Creating system tables related to tpm...
       Running c:\opt\tibero6\scripts\systbl_tpm.sql...
Creating system tables related tsn...
       Running c:\opt\tibero6\scripts\systbl_tsn_timestamp.sql...
Creating system tables related to rsrc...
       Running c:\opt\tibero6\scripts\systbl_rsrc.sql...
Creating system tables related to workspacemanager...
       Running c:\opt\tibero6\scripts\systbl_workspacemanager.sql...
Creating system tables related to statistics...
       Running c:\opt\tibero6\scripts\stat_hist.sql...
Creating system tables related to mview...
       Running c:\opt\tibero6\scripts\rewrite_table.sql...
Create system tables related to crytpo_system...
       Running c:\opt\tibero6\scripts\systbl_crypto_system.sql...
Creating system package specifications:
       Running c:\opt\tibero6\scripts\pkg\pkg_standard.sql...
       Running c:\opt\tibero6\scripts\pkg\pkg_standard_extension.sql...
       Running c:\opt\tibero6\scripts\pkg\pkg_clobxmlinterface.sql...
       Running c:\opt\tibero6\scripts\pkg\pkg_udt_meta.sql...
       Running c:\opt\tibero6\scripts\pkg\pkg_seaf.sql...
       Running c:\opt\tibero6\scripts\pkg\anydata.sql...
       Running c:\opt\tibero6\scripts\pkg\pkg_dbms_standard.sql...
       Running c:\opt\tibero6\scripts\pkg\pkg_db2_standard.sql...
       Running c:\opt\tibero6\scripts\pkg\pkg_dbms_application_info.sql...
       Running c:\opt\tibero6\scripts\pkg\pkg_dbms_aq.sql...
       Running c:\opt\tibero6\scripts\pkg\pkg_dbms_aq_utl.sql...
       Running c:\opt\tibero6\scripts\pkg\pkg_dbms_aqadm.sql...
       Running c:\opt\tibero6\scripts\pkg\pkg_dbms_assert.sql...
       Running c:\opt\tibero6\scripts\pkg\pkg_dbms_crypto.sql...
       Running c:\opt\tibero6\scripts\pkg\pkg_dbms_db2_translator.sql...
       Running c:\opt\tibero6\scripts\pkg\pkg_dbms_db_version.sql...
       Running c:\opt\tibero6\scripts\pkg\pkg_dbms_ddl.sql...
       Running c:\opt\tibero6\scripts\pkg\pkg_dbms_debug.sql...
       Running c:\opt\tibero6\scripts\pkg\pkg_dbms_debug_jdwp.sql...
       Running c:\opt\tibero6\scripts\pkg\pkg_dbms_errlog.sql...
       Running c:\opt\tibero6\scripts\pkg\pkg_dbms_expression.sql...
       Running c:\opt\tibero6\scripts\pkg\pkg_dbms_fga.sql...
       Running c:\opt\tibero6\scripts\pkg\pkg_dbms_flashback.sql...
       Running c:\opt\tibero6\scripts\pkg\pkg_dbms_geom.sql...
       Running c:\opt\tibero6\scripts\pkg\pkg_dbms_java.sql...
       Running c:\opt\tibero6\scripts\pkg\pkg_dbms_job.sql...
       Running c:\opt\tibero6\scripts\pkg\pkg_dbms_lob.sql...
       Running c:\opt\tibero6\scripts\pkg\pkg_dbms_lock.sql...
       Running c:\opt\tibero6\scripts\pkg\pkg_dbms_metadata.sql...
       Running c:\opt\tibero6\scripts\pkg\pkg_dbms_mssql_translator.sql...
       Running c:\opt\tibero6\scripts\pkg\pkg_dbms_mview.sql...
       Running c:\opt\tibero6\scripts\pkg\pkg_dbms_mview_refresh_util.sql...
       Running c:\opt\tibero6\scripts\pkg\pkg_dbms_mview_util.sql...
       Running c:\opt\tibero6\scripts\pkg\pkg_dbms_obfuscation.sql...
       Running c:\opt\tibero6\scripts\pkg\pkg_dbms_output.sql...
       Running c:\opt\tibero6\scripts\pkg\pkg_dbms_pipe.sql...
       Running c:\opt\tibero6\scripts\pkg\pkg_dbms_random.sql...
       Running c:\opt\tibero6\scripts\pkg\pkg_dbms_redefinition.sql...
       Running c:\opt\tibero6\scripts\pkg\pkg_dbms_redefinition_stats.sql...
       Running c:\opt\tibero6\scripts\pkg\pkg_dbms_repair.sql...
       Running c:\opt\tibero6\scripts\pkg\pkg_dbms_result_cache.sql...
       Running c:\opt\tibero6\scripts\pkg\pkg_dbms_rls.sql...
       Running c:\opt\tibero6\scripts\pkg\pkg_dbms_rowid.sql...
       Running c:\opt\tibero6\scripts\pkg\pkg_dbms_rsrc.sql...
       Running c:\opt\tibero6\scripts\pkg\pkg_dbms_scheduler.sql...
       Running c:\opt\tibero6\scripts\pkg\pkg_dbms_session.sql...
       Running c:\opt\tibero6\scripts\pkg\pkg_dbms_space.sql...
       Running c:\opt\tibero6\scripts\pkg\pkg_dbms_space_admin.sql...
       Running c:\opt\tibero6\scripts\pkg\pkg_dbms_sph.sql...
       Running c:\opt\tibero6\scripts\pkg\pkg_dbms_sql.sql...
       Running c:\opt\tibero6\scripts\pkg\pkg_dbms_sql_analyze.sql...
       Running c:\opt\tibero6\scripts\pkg\pkg_dbms_sql_translator.sql...
       Running c:\opt\tibero6\scripts\pkg\pkg_dbms_sqltune.sql...
       Running c:\opt\tibero6\scripts\pkg\pkg_dbms_stats.sql...
       Running c:\opt\tibero6\scripts\pkg\pkg_dbms_stats_util.sql...
       Running c:\opt\tibero6\scripts\pkg\pkg_dbms_system.sql...
       Running c:\opt\tibero6\scripts\pkg\pkg_dbms_transaction.sql...
       Running c:\opt\tibero6\scripts\pkg\pkg_dbms_types.sql...
       Running c:\opt\tibero6\scripts\pkg\pkg_dbms_utility.sql...
       Running c:\opt\tibero6\scripts\pkg\pkg_dbms_utl_tb.sql...
       Running c:\opt\tibero6\scripts\pkg\pkg_dbms_verify.sql...
       Running c:\opt\tibero6\scripts\pkg\pkg_dbms_xmldom.sql...
       Running c:\opt\tibero6\scripts\pkg\pkg_dbms_xmlgen.sql...
       Running c:\opt\tibero6\scripts\pkg\pkg_dbms_xmlquery.sql...
       Running c:\opt\tibero6\scripts\pkg\pkg_dbms_xplan.sql...
       Running c:\opt\tibero6\scripts\pkg\pkg_dg_cipher.sql...
       Running c:\opt\tibero6\scripts\pkg\pkg_htf.sql...
       Running c:\opt\tibero6\scripts\pkg\pkg_htp.sql...
       Running c:\opt\tibero6\scripts\pkg\pkg_psm_sql_result_cache.sql...
       Running c:\opt\tibero6\scripts\pkg\pkg_sys_util.sql...
       Running c:\opt\tibero6\scripts\pkg\pkg_tb_utility.sql...
       Running c:\opt\tibero6\scripts\pkg\pkg_text.sql...
       Running c:\opt\tibero6\scripts\pkg\pkg_tudiconst.sql...
       Running c:\opt\tibero6\scripts\pkg\pkg_utl_encode.sql...
       Running c:\opt\tibero6\scripts\pkg\pkg_utl_file.sql...
       Running c:\opt\tibero6\scripts\pkg\pkg_utl_tcp.sql...
       Running c:\opt\tibero6\scripts\pkg\pkg_utl_http.sql...
       Running c:\opt\tibero6\scripts\pkg\pkg_utl_url.sql...
       Running c:\opt\tibero6\scripts\pkg\pkg_utl_i18n.sql...
       Running c:\opt\tibero6\scripts\pkg\pkg_utl_match.sql...
       Running c:\opt\tibero6\scripts\pkg\pkg_utl_raw.sql...
       Running c:\opt\tibero6\scripts\pkg\pkg_utl_smtp.sql...
       Running c:\opt\tibero6\scripts\pkg\pkg_utl_str.sql...
       Running c:\opt\tibero6\scripts\pkg\pkg_utl_compress.sql...
       Running c:\opt\tibero6\scripts\pkg\pkg_text_japanese_lexer.sql...
       Running c:\opt\tibero6\scripts\pkg\pkg_dbms_tpm.sql...
       Running c:\opt\tibero6\scripts\pkg\pkg_utl_recomp.sql...
       Running c:\opt\tibero6\scripts\pkg\pkg_dbms_monitor.sql...
       Running c:\opt\tibero6\scripts\pkg\pkg_dbms_server_alert.sql...
       Running c:\opt\tibero6\scripts\pkg\pkg_dbms_ctx_ddl.sql...
       Running c:\opt\tibero6\scripts\pkg\pkg_dbms_odci.sql...
       Running c:\opt\tibero6\scripts\pkg\pkg_utl_ref.sql...
       Running c:\opt\tibero6\scripts\pkg\pkg_owa_util.sql...
       Running c:\opt\tibero6\scripts\pkg\pkg_dbms_alert.sql...
       Running c:\opt\tibero6\scripts\pkg\pkg_client_internal.sql...
       Running c:\opt\tibero6\scripts\pkg\pkg_dbms_xslprocessor.sql...
       Running c:\opt\tibero6\scripts\pkg\uda_wm_concat.sql...
       Running c:\opt\tibero6\scripts\pkg\pkg_diutil.sql...
       Running c:\opt\tibero6\scripts\pkg\pkg_dbms_xmlsave.sql...
       Running c:\opt\tibero6\scripts\pkg\pkg_dbms_xmlparser.sql...
       Running c:\opt\tibero6\scripts\pkg\pkg_utl_of.sql...
       Running c:\opt\tibero6\scripts\pkg\pkg_dbms_monitor.sql...
Creating auxiliary tables used in static views...
       Running c:\opt\tibero6\scripts\systbl_gen.sql...
Creating system tables related to profile...
       Running c:\opt\tibero6\scripts\sys_profile.sql...
Creating internal system tables...
       Running c:\opt\tibero6\scripts\sys_tbl.sql...
Check TPR status..
       Running c:\opt\tibero6\scripts\tpr_check_status.sql...
Stop TPR..
       Running c:\opt\tibero6\scripts\tpr_stop.sql...
Dropping tables used in TPR...
       Running c:\opt\tibero6\scripts\tpr_drop.sql...
Creating auxiliary tables used in TPR...
       Running c:\opt\tibero6\scripts\tpr.sql...
Creating static views...
       Running c:\opt\tibero6\scripts\catalogview.sql...
Creating static view descriptions...
       Running c:\opt\tibero6\scripts\sv_dict.sql...
       Running c:\opt\tibero6\scripts\iparam_desc_gen.sql...
Creating dynamic performance views...
       Running c:\opt\tibero6\scripts\dpv.sql...
Creating dynamic performance view descriptions...
       Running c:\opt\tibero6\scripts\dpv_dict.sql...
Creating package bodies:
       Running c:\opt\tibero6\scripts\pkg\_pkg_db2_standard.tbw...
       Running c:\opt\tibero6\scripts\pkg\_pkg_dbms_aq.tbw...
       Running c:\opt\tibero6\scripts\pkg\_pkg_dbms_aq_utl.tbw...
       Running c:\opt\tibero6\scripts\pkg\_pkg_dbms_aqadm.tbw...
       Running c:\opt\tibero6\scripts\pkg\_pkg_dbms_assert.tbw...
       Running c:\opt\tibero6\scripts\pkg\_pkg_dbms_db2_translator.tbw...
       Running c:\opt\tibero6\scripts\pkg\_pkg_dbms_errlog.tbw...
       Running c:\opt\tibero6\scripts\pkg\_pkg_dbms_metadata.tbw...
       Running c:\opt\tibero6\scripts\pkg\_pkg_dbms_mssql_translator.tbw...
       Running c:\opt\tibero6\scripts\pkg\_pkg_dbms_mview.tbw...
       Running c:\opt\tibero6\scripts\pkg\_pkg_dbms_mview_refresh_util.tbw...
       Running c:\opt\tibero6\scripts\pkg\_pkg_dbms_mview_util.tbw...
       Running c:\opt\tibero6\scripts\pkg\_pkg_dbms_redefinition_stats.tbw...
       Running c:\opt\tibero6\scripts\pkg\_pkg_dbms_rsrc.tbw...
       Running c:\opt\tibero6\scripts\pkg\_pkg_dbms_scheduler.tbw...
       Running c:\opt\tibero6\scripts\pkg\_pkg_dbms_session.tbw...
       Running c:\opt\tibero6\scripts\pkg\_pkg_dbms_sph.tbw...
       Running c:\opt\tibero6\scripts\pkg\_pkg_dbms_sql_analyze.tbw...
       Running c:\opt\tibero6\scripts\pkg\_pkg_dbms_sql_translator.tbw...
       Running c:\opt\tibero6\scripts\pkg\_pkg_dbms_sqltune.tbw...
       Running c:\opt\tibero6\scripts\pkg\_pkg_dbms_stats.tbw...
       Running c:\opt\tibero6\scripts\pkg\_pkg_dbms_stats_util.tbw...
       Running c:\opt\tibero6\scripts\pkg\_pkg_dbms_utility.tbw...
       Running c:\opt\tibero6\scripts\pkg\_pkg_dbms_utl_tb.tbw...
       Running c:\opt\tibero6\scripts\pkg\_pkg_dbms_verify.tbw...
       Running c:\opt\tibero6\scripts\pkg\_pkg_dbms_workspacemanager.tbw...
       Running c:\opt\tibero6\scripts\pkg\_pkg_dbms_xmlgen.tbw...
       Running c:\opt\tibero6\scripts\pkg\_pkg_dbms_xplan.tbw...
       Running c:\opt\tibero6\scripts\pkg\_pkg_dg_cipher.tbw...
       Running c:\opt\tibero6\scripts\pkg\_pkg_htf.tbw...
       Running c:\opt\tibero6\scripts\pkg\_pkg_htp.tbw...
       Running c:\opt\tibero6\scripts\pkg\_pkg_text.tbw...
       Running c:\opt\tibero6\scripts\pkg\_pkg_utl_http.tbw...
       Running c:\opt\tibero6\scripts\pkg\_pkg_utl_url.tbw...
       Running c:\opt\tibero6\scripts\pkg\_pkg_utl_i18n.tbw...
       Running c:\opt\tibero6\scripts\pkg\_pkg_text_japanese_lexer.tbw...
       Running c:\opt\tibero6\scripts\pkg\_pkg_dbms_tpm.tbw...
       Running c:\opt\tibero6\scripts\pkg\_pkg_utl_recomp.tbw...
       Running c:\opt\tibero6\scripts\pkg\_pkg_dbms_server_alert.tbw...
       Running c:\opt\tibero6\scripts\pkg\_pkg_dbms_xslprocessor.tbw...
       Running c:\opt\tibero6\scripts\pkg\_uda_wm_concat.tbw...
       Running c:\opt\tibero6\scripts\pkg\_pkg_dbms_xmlparser.tbw...                                                                                                                           Creating public synonyms for system packages...                                                                                                                                                       Running c:\opt\tibero6\scripts\pkg\pkg_synonym.sql...
Creating remaining public synonyms for system packages...
       Running c:\opt\tibero6\scripts\pkg\pkg_synonym2.sql...                                                                                                                                  Registering dbms_stats job to Job Scheduler...
       Running c:\opt\tibero6\scripts\pkg\_pkg_dbms_stats_submit.tbw...
Creating packages for TPR...
       Running c:\opt\tibero6\scripts\pkg\pkg_dbms_tpr.sql...
       Running c:\opt\tibero6\scripts\pkg\_pkg_dbms_tpr.tbw...
       Running c:\opt\tibero6\scripts\pkg\_pkg_dbms_apm.tbw...
       Start TPR
       Running c:\opt\tibero6\scripts\tpr_start.sql...
Create tudi interface
       Running c:\opt\tibero6\scripts\tudi.sql...
       Running c:\opt\tibero6\scripts\odci.sql...
Creating spatial meta tables and views ...                                                                                                                                                            Running c:\opt\tibero6\scripts\create_gis.sql...
Creating internal system jobs...                                                                                                                                                                      Running c:\opt\tibero6\scripts\sys_job.sql...
Creating Japanese Lexer epa source ...                                                                                                                                                                Running c:\opt\tibero6\scripts\japanese_lexer_epa.sql...
Creating internal system notice queue...                                                                                                                                                              Running c:\opt\tibero6\scripts\pkg\_pkg_fan_ha.tbw...                                                                                                                                   Creating sql translator profiles ...                                                                                                                                                                  Running c:\opt\tibero6\scripts\create_translation_profiles.sql...
Creating agent table...
       Running c:\opt\tibero6\scripts\systbl_create_agent.sql...
Done.
For details, check c:\opt\tibero6\instance\tibero\log\system_init.log.
